#
# There is insufficient memory for the Java Runtime Environment to continue.
# Native memory allocation (malloc) failed to allocate 1048576 bytes for AllocateHeap
# Possible reasons:
#   The system is out of physical RAM or swap space
#   The process is running with CompressedOops enabled, and the Java Heap may be blocking the growth of the native heap
# Possible solutions:
#   Reduce memory load on the system
#   Increase physical memory or swap space
#   Check if swap backing store is full
#   Decrease Java heap size (-Xmx/-Xms)
#   Decrease number of Java threads
#   Decrease Java thread stack sizes (-Xss)
#   Set larger code cache with -XX:ReservedCodeCacheSize=
#   JVM is running with Unscaled Compressed Oops mode in which the Java heap is
#     placed in the first 4GB address space. The Java Heap base address is the
#     maximum limit for the native heap growth. Please use -XX:HeapBaseMinAddress
#     to set the Java Heap base and to place the Java Heap above 4GB virtual address.
# This output file may be truncated or incomplete.
#
#  Out of Memory Error (memory/allocation.inline.hpp:61), pid=4724, tid=0x0000000000001e20
#
# JRE version:  (8.0_251-b08) (build )
# Java VM: Java HotSpot(TM) 64-Bit Server VM (25.251-b08 mixed mode windows-amd64 compressed oops)
# Failed to write core dump. Minidumps are not enabled by default on client versions of Windows
#

---------------  T H R E A D  ---------------

Current thread (0x0000000002212800):  JavaThread "Unknown thread" [_thread_in_vm, id=7712, stack(0x0000000002010000,0x0000000002110000)]

Stack: [0x0000000002010000,0x0000000002110000]
[error occurred during error reporting (printing stack bounds), id 0xc0000005]

Native frames: (J=compiled Java code, j=interpreted, Vv=VM code, C=native code)


---------------  P R O C E S S  ---------------

Java Threads: ( => current thread )

Other Threads:

=>0x0000000002212800 (exited) JavaThread "Unknown thread" [_thread_in_vm, id=7712, stack(0x0000000002010000,0x0000000002110000)]

VM state:not at safepoint (normal execution)

VM Mutex/Monitor currently owned by a thread: None

heap address: 0x00000000c2200000, size: 990 MB, Compressed Oops mode: 32-bit
Narrow klass base: 0x0000000000000000, Narrow klass shift: 3
Compressed class space size: 1073741824 Address: 0x0000000100000000

Heap:
 PSYoungGen      total 18432K, used 317K [0x00000000eb600000, 0x00000000eca80000, 0x0000000100000000)
  eden space 15872K, 2% used [0x00000000eb600000,0x00000000eb64f5d0,0x00000000ec580000)
  from space 2560K, 0% used [0x00000000ec800000,0x00000000ec800000,0x00000000eca80000)
  to   space 2560K, 0% used [0x00000000ec580000,0x00000000ec580000,0x00000000ec800000)
 ParOldGen       total 42496K, used 0K [0x00000000c2200000, 0x00000000c4b80000, 0x00000000eb600000)
  object space 42496K, 0% used [0x00000000c2200000,0x00000000c2200000,0x00000000c4b80000)
 Metaspace       used 776K, capacity 4480K, committed 4480K, reserved 1056768K
  class space    used 76K, capacity 384K, committed 384K, reserved 1048576K

Card table byte_map: [0x00000000116d0000,0x00000000118c0000] byte_map_base: 0x00000000110bf000

Marking Bits: (ParMarkBitMap*) 0x0000000060f5af90
 Begin Bits: [0x0000000011c10000, 0x0000000012b88000)
 End Bits:   [0x0000000012b88000, 0x0000000013b00000)

Polling page: 0x00000000001f0000

CodeCache: size=245760Kb used=327Kb max_used=327Kb free=245432Kb
 bounds [0x0000000002310000, 0x0000000002580000, 0x0000000011310000]
 total_blobs=57 nmethods=0 adapters=38
 compilation: enabled

Compilation events (0 events):
No events

GC Heap History (0 events):
No events

Deoptimization events (0 events):
No events

Classes redefined (0 events):
No events

Internal exceptions (0 events):
No events

Events (10 events):
Event: 0.189 loading class java/lang/Short
Event: 0.189 loading class java/lang/Short done
Event: 0.189 loading class java/lang/Integer
Event: 0.190 loading class java/lang/Integer done
Event: 0.190 loading class java/lang/Long
Event: 0.190 loading class java/lang/Long done
Event: 0.200 loading class java/lang/NullPointerException
Event: 0.200 loading class java/lang/NullPointerException done
Event: 0.200 loading class java/lang/ArithmeticException
Event: 0.200 loading class java/lang/ArithmeticException done


Dynamic libraries:
0x00007ff615030000 - 0x00007ff615067000 	C:\Program Files\Java\jdk1.8.0_251\bin\java.exe
0x00007ffd13640000 - 0x00007ffd13830000 	C:\WINDOWS\SYSTEM32\ntdll.dll
0x00007ffd11ac0000 - 0x00007ffd11b72000 	C:\WINDOWS\System32\KERNEL32.DLL
0x00007ffd11180000 - 0x00007ffd11424000 	C:\WINDOWS\System32\KERNELBASE.dll
0x00007ffd11890000 - 0x00007ffd11933000 	C:\WINDOWS\System32\ADVAPI32.dll
0x00007ffd119c0000 - 0x00007ffd11a5e000 	C:\WINDOWS\System32\msvcrt.dll
0x00007ffd126e0000 - 0x00007ffd12777000 	C:\WINDOWS\System32\sechost.dll
0x00007ffd116f0000 - 0x00007ffd11810000 	C:\WINDOWS\System32\RPCRT4.dll
0x00007ffd12780000 - 0x00007ffd12914000 	C:\WINDOWS\System32\USER32.dll
0x00007ffd11070000 - 0x00007ffd11091000 	C:\WINDOWS\System32\win32u.dll
0x00007ffd12920000 - 0x00007ffd12946000 	C:\WINDOWS\System32\GDI32.dll
0x00007ffd11550000 - 0x00007ffd116e4000 	C:\WINDOWS\System32\gdi32full.dll
0x00007ffd114b0000 - 0x00007ffd1154e000 	C:\WINDOWS\System32\msvcp_win.dll
0x00007ffd107d0000 - 0x00007ffd108ca000 	C:\WINDOWS\System32\ucrtbase.dll
0x00007ffcfad10000 - 0x00007ffcfaf94000 	C:\WINDOWS\WinSxS\amd64_microsoft.windows.common-controls_6595b64144ccf1df_6.0.18362.836_none_e6c4b943130f18ed\COMCTL32.dll
0x00007ffd123a0000 - 0x00007ffd126d6000 	C:\WINDOWS\System32\combase.dll
0x00007ffd11430000 - 0x00007ffd114b0000 	C:\WINDOWS\System32\bcryptPrimitives.dll
0x00007ffd12ea0000 - 0x00007ffd12ece000 	C:\WINDOWS\System32\IMM32.DLL
0x0000000060fe0000 - 0x00000000610b2000 	C:\Program Files\Java\jdk1.8.0_251\jre\bin\msvcr100.dll
0x0000000060730000 - 0x0000000060fdb000 	C:\Program Files\Java\jdk1.8.0_251\jre\bin\server\jvm.dll
0x00007ffd13310000 - 0x00007ffd13318000 	C:\WINDOWS\System32\PSAPI.DLL
0x00007ffd09790000 - 0x00007ffd09799000 	C:\WINDOWS\SYSTEM32\WSOCK32.dll
0x00007ffd11940000 - 0x00007ffd119af000 	C:\WINDOWS\System32\WS2_32.dll
0x00007ffd0c830000 - 0x00007ffd0c854000 	C:\WINDOWS\SYSTEM32\WINMM.dll
0x00007ffcff5f0000 - 0x00007ffcff5fa000 	C:\WINDOWS\SYSTEM32\VERSION.dll
0x00007ffd0c800000 - 0x00007ffd0c82d000 	C:\WINDOWS\SYSTEM32\WINMMBASE.dll
0x00007ffd10780000 - 0x00007ffd107ca000 	C:\WINDOWS\System32\cfgmgr32.dll
0x00007ffd04300000 - 0x00007ffd0430f000 	C:\Program Files\Java\jdk1.8.0_251\jre\bin\verify.dll
0x00007ffd04130000 - 0x00007ffd04159000 	C:\Program Files\Java\jdk1.8.0_251\jre\bin\java.dll
0x00007ffd04100000 - 0x00007ffd04116000 	C:\Program Files\Java\jdk1.8.0_251\jre\bin\zip.dll

VM Arguments:
jvm_args: -Dclassworlds.conf=C:/apache-maven-3.6.3/bin/m2.conf -Dmaven.home=C:/apache-maven-3.6.3 -Dlibrary.jansi.path=C:/apache-maven-3.6.3/lib/jansi-native -Dmaven.multiModuleProjectDirectory=C:/Users/neuza/Desktop/zeetzmc/bedwars 
java_command: org.codehaus.plexus.classworlds.launcher.Launcher clean package
java_class_path (initial): C:/apache-maven-3.6.3/boot/plexus-classworlds-2.6.0.jar
Launcher Type: SUN_STANDARD

Environment Variables:
JAVA_HOME=C:/Program Files/Java/jdk1.8.0_251
PATH=C:\Users\neuza\bin;C:\Program Files\Git\mingw64\bin;C:\Program Files\Git\usr\local\bin;C:\Program Files\Git\usr\bin;C:\Program Files\Git\usr\bin;C:\Program Files\Git\mingw64\bin;C:\Program Files\Git\usr\bin;C:\Users\neuza\bin;C:\Program Files (x86)\Common Files\Intel\Shared Libraries\redist\intel64_win\compiler;C:\WINDOWS\system32;C:\WINDOWS;C:\WINDOWS\System32\Wbem;C:\WINDOWS\System32\WindowsPowerShell\v1.0;C:\WINDOWS\System32\OpenSSH;C:\Users\neuza\AppData\Local\Programs\Python\Python37\Scripts;C:\Program Files\Git\cmd;C:\Users\neuza\AppData\Local\Programs\Python\Python37;C:\Program Files\CMake\bin;C:\Program Files\nodejs;C:\Program Files (x86)\Yarn\bin;C:\apache-maven-3.6.3\bin;C:\Program Files\Java\jdk1.8.0_251\bin;C:\Users\neuza\AppData\Local\Microsoft\WindowsApps;C:\Users\neuza\AppData\Roaming\npm;C:\Users\neuza\AppData\Local\Yarn\bin;C:\Users\neuza\AppData\Local\Programs\Microsoft VS Code\bin;C:\Program Files\JetBrains\PyCharm Community Edition 2020.1.1\bin;C:\Program Files\Git\usr\bin\vendor_perl;C:\Program Files\Git\usr\bin\core_perl
USERNAME=neuza
SHELL=C:\Program Files\Git\usr\bin\bash.exe
DISPLAY=needs-to-be-defined
OS=Windows_NT
PROCESSOR_IDENTIFIER=Intel64 Family 6 Model 92 Stepping 9, GenuineIntel



---------------  S Y S T E M  ---------------

OS: Windows 10.0 , 64 bit Build 18362 (10.0.18362.778)

CPU:total 2 (initial active 2) (2 cores per cpu, 1 threads per core) family 6 model 92 stepping 9, cmov, cx8, fxsr, mmx, sse, sse2, sse3, ssse3, sse4.1, sse4.2, popcnt, aes, clmul, erms, 3dnowpref, tsc, tscinvbit

Memory: 4k page, physical 4054548k(428228k free), swap 4054548k(5992k free)

vm_info: Java HotSpot(TM) 64-Bit Server VM (25.251-b08) for windows-amd64 JRE (1.8.0_251-b08), built on Mar 12 2020 06:31:49 by "" with MS VC++ 10.0 (VS2010)

time: Sat Jun 06 16:34:16 2020
timezone: GMT Summer Time
elapsed time: 0 seconds (0d 0h 0m 0s)

