#
# There is insufficient memory for the Java Runtime Environment to continue.
# Native memory allocation (malloc) failed to allocate 151056 bytes for Chunk::new
# Possible reasons:
#   The system is out of physical RAM or swap space
#   The process is running with CompressedOops enabled, and the Java Heap may be blocking the growth of the native heap
# Possible solutions:
#   Reduce memory load on the system
#   Increase physical memory or swap space
#   Check if swap backing store is full
#   Decrease Java heap size (-Xmx/-Xms)
#   Decrease number of Java threads
#   Decrease Java thread stack sizes (-Xss)
#   Set larger code cache with -XX:ReservedCodeCacheSize=
#   JVM is running with Unscaled Compressed Oops mode in which the Java heap is
#     placed in the first 4GB address space. The Java Heap base address is the
#     maximum limit for the native heap growth. Please use -XX:HeapBaseMinAddress
#     to set the Java Heap base and to place the Java Heap above 4GB virtual address.
# This output file may be truncated or incomplete.
#
#  Out of Memory Error (allocation.cpp:389), pid=5780, tid=0x00000000000011f8
#
# JRE version: Java(TM) SE Runtime Environment (8.0_251-b08) (build 1.8.0_251-b08)
# Java VM: Java HotSpot(TM) 64-Bit Server VM (25.251-b08 mixed mode windows-amd64 compressed oops)
# Failed to write core dump. Minidumps are not enabled by default on client versions of Windows
#

---------------  T H R E A D  ---------------

Current thread (0x0000000014866800):  JavaThread "C2 CompilerThread0" daemon [_thread_in_native, id=4600, stack(0x0000000015920000,0x0000000015a20000)]

Stack: [0x0000000015920000,0x0000000015a20000]
[error occurred during error reporting (printing stack bounds), id 0xc0000005]

Native frames: (J=compiled Java code, j=interpreted, Vv=VM code, C=native code)


Current CompileTask:
C2:   7087 1534   !   4       java.lang.ClassLoader::loadClass (122 bytes)


---------------  P R O C E S S  ---------------

Java Threads: ( => current thread )
  0x0000000015b68000 JavaThread "Service Thread" daemon [_thread_blocked, id=9036, stack(0x0000000015f20000,0x0000000016020000)]
  0x0000000014868800 JavaThread "C1 CompilerThread1" daemon [_thread_blocked, id=336, stack(0x0000000015a20000,0x0000000015b20000)]
=>0x0000000014866800 JavaThread "C2 CompilerThread0" daemon [_thread_in_native, id=4600, stack(0x0000000015920000,0x0000000015a20000)]
  0x0000000014864000 JavaThread "Monitor Ctrl-Break" daemon [_thread_in_native, id=8636, stack(0x0000000015820000,0x0000000015920000)]
  0x00000000147fa000 JavaThread "Attach Listener" daemon [_thread_blocked, id=2440, stack(0x0000000015720000,0x0000000015820000)]
  0x00000000147f6800 JavaThread "Signal Dispatcher" daemon [_thread_blocked, id=8052, stack(0x0000000015620000,0x0000000015720000)]
  0x00000000024a3800 JavaThread "Finalizer" daemon [_thread_blocked, id=8424, stack(0x0000000015420000,0x0000000015520000)]
  0x00000000147d8000 JavaThread "Reference Handler" daemon [_thread_blocked, id=8700, stack(0x0000000015320000,0x0000000015420000)]
  0x00000000023b2800 JavaThread "main" [_thread_in_native, id=3532, stack(0x0000000001fe0000,0x00000000020e0000)]

Other Threads:
  0x00000000147b7000 VMThread [stack: 0x0000000015220000,0x0000000015320000] [id=1712]
  0x0000000015b78800 WatcherThread [stack: 0x0000000016020000,0x0000000016120000] [id=6272]

VM state:not at safepoint (normal execution)

VM Mutex/Monitor currently owned by a thread: None

heap address: 0x00000000c2200000, size: 990 MB, Compressed Oops mode: 32-bit
Narrow klass base: 0x0000000000000000, Narrow klass shift: 3
Compressed class space size: 1073741824 Address: 0x0000000100000000

Heap:
 PSYoungGen      total 18432K, used 14452K [0x00000000eb600000, 0x00000000eca80000, 0x0000000100000000)
  eden space 15872K, 75% used [0x00000000eb600000,0x00000000ec1a4390,0x00000000ec580000)
  from space 2560K, 98% used [0x00000000ec580000,0x00000000ec7f8e00,0x00000000ec800000)
  to   space 2560K, 0% used [0x00000000ec800000,0x00000000ec800000,0x00000000eca80000)
 ParOldGen       total 42496K, used 6624K [0x00000000c2200000, 0x00000000c4b80000, 0x00000000eb600000)
  object space 42496K, 15% used [0x00000000c2200000,0x00000000c2878030,0x00000000c4b80000)
 Metaspace       used 13860K, capacity 14106K, committed 14464K, reserved 1062912K
  class space    used 1719K, capacity 1810K, committed 1920K, reserved 1048576K

Card table byte_map: [0x0000000011870000,0x0000000011a60000] byte_map_base: 0x000000001125f000

Marking Bits: (ParMarkBitMap*) 0x000000005c38af90
 Begin Bits: [0x0000000011db0000, 0x0000000012d28000)
 End Bits:   [0x0000000012d28000, 0x0000000013ca0000)

Polling page: 0x00000000001e0000

CodeCache: size=245760Kb used=5409Kb max_used=5409Kb free=240350Kb
 bounds [0x00000000024b0000, 0x0000000002a00000, 0x00000000114b0000]
 total_blobs=1944 nmethods=1596 adapters=261
 compilation: enabled

Compilation events (10 events):
Event: 7.064 Thread 0x0000000014868800 1593       3       com.google.inject.internal.ProviderInternalFactory::provision (37 bytes)
Event: 7.064 Thread 0x0000000014868800 nmethod 1593 0x00000000029f8cd0 code [0x00000000029f8e60, 0x00000000029f92a8]
Event: 7.065 Thread 0x0000000014868800 1594       3       org.eclipse.sisu.inject.LocatedBeans$Itr::<init> (48 bytes)
Event: 7.066 Thread 0x0000000014868800 nmethod 1594 0x00000000029f9410 code [0x00000000029f95c0, 0x00000000029f9d48]
Event: 7.066 Thread 0x0000000014868800 1595       3       org.eclipse.sisu.inject.LazyBeanEntry::<init> (81 bytes)
Event: 7.067 Thread 0x0000000014868800 nmethod 1595 0x00000000029fa150 code [0x00000000029fa320, 0x00000000029fab48]
Event: 7.069 Thread 0x0000000014868800 1596       3       org.eclipse.sisu.inject.InjectorBindings::isAssignableFrom (28 bytes)
Event: 7.069 Thread 0x0000000014868800 nmethod 1596 0x00000000029fae50 code [0x00000000029fb000, 0x00000000029fb5a8]
Event: 7.072 Thread 0x0000000014868800 1597       2       java.lang.reflect.Modifier::isSynthetic (14 bytes)
Event: 7.072 Thread 0x0000000014868800 nmethod 1597 0x00000000029fb7d0 code [0x00000000029fb920, 0x00000000029fba70]

GC Heap History (10 events):
Event: 2.587 GC heap before
{Heap before GC invocations=1 (full 0):
 PSYoungGen      total 18432K, used 15872K [0x00000000eb600000, 0x00000000eca80000, 0x0000000100000000)
  eden space 15872K, 100% used [0x00000000eb600000,0x00000000ec580000,0x00000000ec580000)
  from space 2560K, 0% used [0x00000000ec800000,0x00000000ec800000,0x00000000eca80000)
  to   space 2560K, 0% used [0x00000000ec580000,0x00000000ec580000,0x00000000ec800000)
 ParOldGen       total 42496K, used 0K [0x00000000c2200000, 0x00000000c4b80000, 0x00000000eb600000)
  object space 42496K, 0% used [0x00000000c2200000,0x00000000c2200000,0x00000000c4b80000)
 Metaspace       used 6792K, capacity 6940K, committed 7040K, reserved 1056768K
  class space    used 751K, capacity 824K, committed 896K, reserved 1048576K
Event: 2.597 GC heap after
Heap after GC invocations=1 (full 0):
 PSYoungGen      total 18432K, used 2541K [0x00000000eb600000, 0x00000000eca80000, 0x0000000100000000)
  eden space 15872K, 0% used [0x00000000eb600000,0x00000000eb600000,0x00000000ec580000)
  from space 2560K, 99% used [0x00000000ec580000,0x00000000ec7fb5e8,0x00000000ec800000)
  to   space 2560K, 0% used [0x00000000ec800000,0x00000000ec800000,0x00000000eca80000)
 ParOldGen       total 42496K, used 342K [0x00000000c2200000, 0x00000000c4b80000, 0x00000000eb600000)
  object space 42496K, 0% used [0x00000000c2200000,0x00000000c2255be8,0x00000000c4b80000)
 Metaspace       used 6792K, capacity 6940K, committed 7040K, reserved 1056768K
  class space    used 751K, capacity 824K, committed 896K, reserved 1048576K
}
Event: 3.450 GC heap before
{Heap before GC invocations=2 (full 0):
 PSYoungGen      total 18432K, used 18413K [0x00000000eb600000, 0x00000000eca80000, 0x0000000100000000)
  eden space 15872K, 100% used [0x00000000eb600000,0x00000000ec580000,0x00000000ec580000)
  from space 2560K, 99% used [0x00000000ec580000,0x00000000ec7fb5e8,0x00000000ec800000)
  to   space 2560K, 0% used [0x00000000ec800000,0x00000000ec800000,0x00000000eca80000)
 ParOldGen       total 42496K, used 342K [0x00000000c2200000, 0x00000000c4b80000, 0x00000000eb600000)
  object space 42496K, 0% used [0x00000000c2200000,0x00000000c2255be8,0x00000000c4b80000)
 Metaspace       used 8697K, capacity 8796K, committed 9088K, reserved 1056768K
  class space    used 1036K, capacity 1080K, committed 1152K, reserved 1048576K
Event: 3.468 GC heap after
Heap after GC invocations=2 (full 0):
 PSYoungGen      total 18432K, used 2538K [0x00000000eb600000, 0x00000000eca80000, 0x0000000100000000)
  eden space 15872K, 0% used [0x00000000eb600000,0x00000000eb600000,0x00000000ec580000)
  from space 2560K, 99% used [0x00000000ec800000,0x00000000eca7ab80,0x00000000eca80000)
  to   space 2560K, 0% used [0x00000000ec580000,0x00000000ec580000,0x00000000ec800000)
 ParOldGen       total 42496K, used 1432K [0x00000000c2200000, 0x00000000c4b80000, 0x00000000eb600000)
  object space 42496K, 3% used [0x00000000c2200000,0x00000000c2366250,0x00000000c4b80000)
 Metaspace       used 8697K, capacity 8796K, committed 9088K, reserved 1056768K
  class space    used 1036K, capacity 1080K, committed 1152K, reserved 1048576K
}
Event: 4.230 GC heap before
{Heap before GC invocations=3 (full 0):
 PSYoungGen      total 18432K, used 18410K [0x00000000eb600000, 0x00000000eca80000, 0x0000000100000000)
  eden space 15872K, 100% used [0x00000000eb600000,0x00000000ec580000,0x00000000ec580000)
  from space 2560K, 99% used [0x00000000ec800000,0x00000000eca7ab80,0x00000000eca80000)
  to   space 2560K, 0% used [0x00000000ec580000,0x00000000ec580000,0x00000000ec800000)
 ParOldGen       total 42496K, used 1432K [0x00000000c2200000, 0x00000000c4b80000, 0x00000000eb600000)
  object space 42496K, 3% used [0x00000000c2200000,0x00000000c2366250,0x00000000c4b80000)
 Metaspace       used 9654K, capacity 9778K, committed 9984K, reserved 1058816K
  class space    used 1158K, capacity 1212K, committed 1280K, reserved 1048576K
Event: 4.238 GC heap after
Heap after GC invocations=3 (full 0):
 PSYoungGen      total 18432K, used 2544K [0x00000000eb600000, 0x00000000eca80000, 0x0000000100000000)
  eden space 15872K, 0% used [0x00000000eb600000,0x00000000eb600000,0x00000000ec580000)
  from space 2560K, 99% used [0x00000000ec580000,0x00000000ec7fc190,0x00000000ec800000)
  to   space 2560K, 0% used [0x00000000ec800000,0x00000000ec800000,0x00000000eca80000)
 ParOldGen       total 42496K, used 2610K [0x00000000c2200000, 0x00000000c4b80000, 0x00000000eb600000)
  object space 42496K, 6% used [0x00000000c2200000,0x00000000c248c808,0x00000000c4b80000)
 Metaspace       used 9654K, capacity 9778K, committed 9984K, reserved 1058816K
  class space    used 1158K, capacity 1212K, committed 1280K, reserved 1048576K
}
Event: 5.284 GC heap before
{Heap before GC invocations=4 (full 0):
 PSYoungGen      total 18432K, used 18416K [0x00000000eb600000, 0x00000000eca80000, 0x0000000100000000)
  eden space 15872K, 100% used [0x00000000eb600000,0x00000000ec580000,0x00000000ec580000)
  from space 2560K, 99% used [0x00000000ec580000,0x00000000ec7fc190,0x00000000ec800000)
  to   space 2560K, 0% used [0x00000000ec800000,0x00000000ec800000,0x00000000eca80000)
 ParOldGen       total 42496K, used 2610K [0x00000000c2200000, 0x00000000c4b80000, 0x00000000eb600000)
  object space 42496K, 6% used [0x00000000c2200000,0x00000000c248c808,0x00000000c4b80000)
 Metaspace       used 11133K, capacity 11374K, committed 11520K, reserved 1058816K
  class space    used 1350K, capacity 1446K, committed 1536K, reserved 1048576K
Event: 5.301 GC heap after
Heap after GC invocations=4 (full 0):
 PSYoungGen      total 18432K, used 2528K [0x00000000eb600000, 0x00000000eca80000, 0x0000000100000000)
  eden space 15872K, 0% used [0x00000000eb600000,0x00000000eb600000,0x00000000ec580000)
  from space 2560K, 98% used [0x00000000ec800000,0x00000000eca78020,0x00000000eca80000)
  to   space 2560K, 0% used [0x00000000ec580000,0x00000000ec580000,0x00000000ec800000)
 ParOldGen       total 42496K, used 4564K [0x00000000c2200000, 0x00000000c4b80000, 0x00000000eb600000)
  object space 42496K, 10% used [0x00000000c2200000,0x00000000c2675258,0x00000000c4b80000)
 Metaspace       used 11133K, capacity 11374K, committed 11520K, reserved 1058816K
  class space    used 1350K, capacity 1446K, committed 1536K, reserved 1048576K
}
Event: 6.102 GC heap before
{Heap before GC invocations=5 (full 0):
 PSYoungGen      total 18432K, used 18400K [0x00000000eb600000, 0x00000000eca80000, 0x0000000100000000)
  eden space 15872K, 100% used [0x00000000eb600000,0x00000000ec580000,0x00000000ec580000)
  from space 2560K, 98% used [0x00000000ec800000,0x00000000eca78020,0x00000000eca80000)
  to   space 2560K, 0% used [0x00000000ec580000,0x00000000ec580000,0x00000000ec800000)
 ParOldGen       total 42496K, used 4564K [0x00000000c2200000, 0x00000000c4b80000, 0x00000000eb600000)
  object space 42496K, 10% used [0x00000000c2200000,0x00000000c2675258,0x00000000c4b80000)
 Metaspace       used 12701K, capacity 12862K, committed 13184K, reserved 1060864K
  class space    used 1563K, capacity 1640K, committed 1664K, reserved 1048576K
Event: 6.113 GC heap after
Heap after GC invocations=5 (full 0):
 PSYoungGen      total 18432K, used 2531K [0x00000000eb600000, 0x00000000eca80000, 0x0000000100000000)
  eden space 15872K, 0% used [0x00000000eb600000,0x00000000eb600000,0x00000000ec580000)
  from space 2560K, 98% used [0x00000000ec580000,0x00000000ec7f8e00,0x00000000ec800000)
  to   space 2560K, 0% used [0x00000000ec800000,0x00000000ec800000,0x00000000eca80000)
 ParOldGen       total 42496K, used 6624K [0x00000000c2200000, 0x00000000c4b80000, 0x00000000eb600000)
  object space 42496K, 15% used [0x00000000c2200000,0x00000000c2878030,0x00000000c4b80000)
 Metaspace       used 12701K, capacity 12862K, committed 13184K, reserved 1060864K
  class space    used 1563K, capacity 1640K, committed 1664K, reserved 1048576K
}

Deoptimization events (7 events):
Event: 3.387 Thread 0x00000000023b2800 Uncommon trap: reason=unstable_if action=reinterpret pc=0x000000000279c660 method=sun.nio.cs.StreamDecoder.implRead([CII)I @ 197
Event: 3.834 Thread 0x00000000023b2800 Uncommon trap: reason=unstable_if action=reinterpret pc=0x000000000276c900 method=java.util.HashMap.getNode(ILjava/lang/Object;)Ljava/util/HashMap$Node; @ 129
Event: 3.837 Thread 0x00000000023b2800 Uncommon trap: reason=unstable_if action=reinterpret pc=0x000000000275f938 method=java.util.HashMap.getNode(ILjava/lang/Object;)Ljava/util/HashMap$Node; @ 129
Event: 3.888 Thread 0x00000000023b2800 Uncommon trap: reason=range_check action=make_not_entrant pc=0x000000000276e8e0 method=sun.reflect.generics.parser.SignatureParser.current()C @ 34
Event: 6.092 Thread 0x00000000023b2800 Uncommon trap: reason=bimorphic action=maybe_recompile pc=0x000000000281793c method=java.util.HashMap.putVal(ILjava/lang/Object;Ljava/lang/Object;ZZ)Ljava/lang/Object; @ 203
Event: 7.057 Thread 0x00000000023b2800 Uncommon trap: reason=unstable_if action=reinterpret pc=0x00000000029c5350 method=org.eclipse.sisu.inject.InjectorBindings.isAssignableFrom(Lcom/google/inject/TypeLiteral;Lcom/google/inject/Binding;)Z @ 14
Event: 7.070 Thread 0x00000000023b2800 Uncommon trap: reason=null_check action=make_not_entrant pc=0x0000000002699414 method=java.lang.String.equals(Ljava/lang/Object;)Z @ 8

Classes redefined (0 events):
No events

Internal exceptions (10 events):
Event: 3.190 Thread 0x00000000023b2800 Exception <a 'java/lang/ArrayIndexOutOfBoundsException'> (0x00000000ebfdc328) thrown at [C:\jenkins\workspace\8-2-build-windows-amd64-cygwin\jdk8u251\737\hotspot\src\share\vm\runtime\sharedRuntime.cpp, line 605]
Event: 3.212 Thread 0x00000000023b2800 Exception <a 'java/lang/ArrayIndexOutOfBoundsException'> (0x00000000ebffd9d8) thrown at [C:\jenkins\workspace\8-2-build-windows-amd64-cygwin\jdk8u251\737\hotspot\src\share\vm\runtime\sharedRuntime.cpp, line 605]
Event: 3.234 Thread 0x00000000023b2800 Exception <a 'java/lang/ArrayIndexOutOfBoundsException'> (0x00000000ec046960) thrown at [C:\jenkins\workspace\8-2-build-windows-amd64-cygwin\jdk8u251\737\hotspot\src\share\vm\runtime\sharedRuntime.cpp, line 605]
Event: 3.651 Thread 0x00000000023b2800 Exception <a 'java/lang/ArrayIndexOutOfBoundsException'> (0x00000000ebb02ce0) thrown at [C:\jenkins\workspace\8-2-build-windows-amd64-cygwin\jdk8u251\737\hotspot\src\share\vm\runtime\sharedRuntime.cpp, line 605]
Event: 3.652 Thread 0x00000000023b2800 Exception <a 'java/lang/ArrayIndexOutOfBoundsException'> (0x00000000ebb07640) thrown at [C:\jenkins\workspace\8-2-build-windows-amd64-cygwin\jdk8u251\737\hotspot\src\share\vm\runtime\sharedRuntime.cpp, line 605]
Event: 3.888 Thread 0x00000000023b2800 Exception <a 'java/lang/ArrayIndexOutOfBoundsException': 66> (0x00000000ebed0bc8) thrown at [C:\jenkins\workspace\8-2-build-windows-amd64-cygwin\jdk8u251\737\hotspot\src\share\vm\interpreter\interpreterRuntime.cpp, line 368]
Event: 6.619 Thread 0x00000000023b2800 Exception <a 'java/lang/NoClassDefFoundError': com/google/inject/servlet/ServletModuleTargetVisitor> (0x00000000ebd547e0) thrown at [C:\jenkins\workspace\8-2-build-windows-amd64-cygwin\jdk8u251\737\hotspot\src\share\vm\classfile\systemDictionary.cpp, line
Event: 6.619 Thread 0x00000000023b2800 Exception <a 'java/lang/NoClassDefFoundError'> (0x00000000ebd547e0) thrown at [C:\jenkins\workspace\8-2-build-windows-amd64-cygwin\jdk8u251\737\hotspot\src\share\vm\prims\jvm.cpp, line 1506]
Event: 6.620 Thread 0x00000000023b2800 Exception <a 'java/lang/NoClassDefFoundError': javax/annotation/Priority> (0x00000000ebd597e8) thrown at [C:\jenkins\workspace\8-2-build-windows-amd64-cygwin\jdk8u251\737\hotspot\src\share\vm\classfile\systemDictionary.cpp, line 199]
Event: 7.070 Thread 0x00000000023b2800 Implicit null exception at 0x000000000269925b to 0x0000000002699405

Events (10 events):
Event: 7.071 loading class org/apache/maven/graph/DefaultGraphBuilder
Event: 7.071 loading class org/apache/maven/graph/DefaultGraphBuilder done
Event: 7.071 loading class org/apache/maven/graph/DefaultGraphBuilder
Event: 7.071 loading class org/apache/maven/graph/DefaultGraphBuilder done
Event: 7.072 loading class org/apache/maven/project/ProjectBuilder
Event: 7.072 loading class org/apache/maven/project/ProjectBuilder done
Event: 7.077 loading class org/sonatype/plexus/components/sec/dispatcher/DefaultSecDispatcher
Event: 7.077 loading class org/sonatype/plexus/components/sec/dispatcher/DefaultSecDispatcher done
Event: 7.077 loading class org/sonatype/plexus/components/sec/dispatcher/DefaultSecDispatcher
Event: 7.077 loading class org/sonatype/plexus/components/sec/dispatcher/DefaultSecDispatcher done


Dynamic libraries:
0x00007ff7171e0000 - 0x00007ff717217000 	C:\Program Files\Java\jdk1.8.0_251\bin\java.exe
0x00007ffdf1780000 - 0x00007ffdf1970000 	C:\WINDOWS\SYSTEM32\ntdll.dll
0x00007ffdeff60000 - 0x00007ffdf0012000 	C:\WINDOWS\System32\KERNEL32.DLL
0x00007ffdee8c0000 - 0x00007ffdeeb64000 	C:\WINDOWS\System32\KERNELBASE.dll
0x00007ffdf0e20000 - 0x00007ffdf0ec3000 	C:\WINDOWS\System32\ADVAPI32.dll
0x00007ffdf0ee0000 - 0x00007ffdf0f7e000 	C:\WINDOWS\System32\msvcrt.dll
0x00007ffdf04a0000 - 0x00007ffdf0537000 	C:\WINDOWS\System32\sechost.dll
0x00007ffdf0130000 - 0x00007ffdf0250000 	C:\WINDOWS\System32\RPCRT4.dll
0x00007ffdf0250000 - 0x00007ffdf03e4000 	C:\WINDOWS\System32\USER32.dll
0x00007ffdef3c0000 - 0x00007ffdef3e1000 	C:\WINDOWS\System32\win32u.dll
0x00007ffdf05b0000 - 0x00007ffdf05d6000 	C:\WINDOWS\System32\GDI32.dll
0x00007ffdef690000 - 0x00007ffdef824000 	C:\WINDOWS\System32\gdi32full.dll
0x00007ffdeeb70000 - 0x00007ffdeec0e000 	C:\WINDOWS\System32\msvcp_win.dll
0x00007ffdef540000 - 0x00007ffdef63a000 	C:\WINDOWS\System32\ucrtbase.dll
0x00007ffdd9ed0000 - 0x00007ffdda154000 	C:\WINDOWS\WinSxS\amd64_microsoft.windows.common-controls_6595b64144ccf1df_6.0.18362.836_none_e6c4b943130f18ed\COMCTL32.dll
0x00007ffdefa70000 - 0x00007ffdefda6000 	C:\WINDOWS\System32\combase.dll
0x00007ffdee820000 - 0x00007ffdee8a0000 	C:\WINDOWS\System32\bcryptPrimitives.dll
0x00007ffdef9d0000 - 0x00007ffdef9fe000 	C:\WINDOWS\System32\IMM32.DLL
0x000000005c7b0000 - 0x000000005c882000 	C:\Program Files\Java\jdk1.8.0_251\jre\bin\msvcr100.dll
0x000000005bb60000 - 0x000000005c40b000 	C:\Program Files\Java\jdk1.8.0_251\jre\bin\server\jvm.dll
0x00007ffdf0120000 - 0x00007ffdf0128000 	C:\WINDOWS\System32\PSAPI.DLL
0x00007ffde8bf0000 - 0x00007ffde8bf9000 	C:\WINDOWS\SYSTEM32\WSOCK32.dll
0x00007ffdf0540000 - 0x00007ffdf05af000 	C:\WINDOWS\System32\WS2_32.dll
0x00007ffdeb9d0000 - 0x00007ffdeb9f4000 	C:\WINDOWS\SYSTEM32\WINMM.dll
0x00007ffddd080000 - 0x00007ffddd08a000 	C:\WINDOWS\SYSTEM32\VERSION.dll
0x00007ffdeb9a0000 - 0x00007ffdeb9cd000 	C:\WINDOWS\SYSTEM32\WINMMBASE.dll
0x00007ffdef640000 - 0x00007ffdef68a000 	C:\WINDOWS\System32\cfgmgr32.dll
0x00007ffddc160000 - 0x00007ffddc16f000 	C:\Program Files\Java\jdk1.8.0_251\jre\bin\verify.dll
0x00007ffdd9010000 - 0x00007ffdd9039000 	C:\Program Files\Java\jdk1.8.0_251\jre\bin\java.dll
0x00007ffdd7050000 - 0x00007ffdd7073000 	C:\Program Files\Java\jdk1.8.0_251\jre\bin\instrument.dll
0x00007ffdd70a0000 - 0x00007ffdd70b6000 	C:\Program Files\Java\jdk1.8.0_251\jre\bin\zip.dll
0x00007ffdf1050000 - 0x00007ffdf1734000 	C:\WINDOWS\System32\SHELL32.dll
0x00007ffdf0b90000 - 0x00007ffdf0c39000 	C:\WINDOWS\System32\shcore.dll
0x00007ffdeec10000 - 0x00007ffdef38e000 	C:\WINDOWS\System32\windows.storage.dll
0x00007ffdee670000 - 0x00007ffdee693000 	C:\WINDOWS\System32\profapi.dll
0x00007ffdee6a0000 - 0x00007ffdee6ea000 	C:\WINDOWS\System32\powrprof.dll
0x00007ffdee640000 - 0x00007ffdee650000 	C:\WINDOWS\System32\UMPDC.dll
0x00007ffdef830000 - 0x00007ffdef882000 	C:\WINDOWS\System32\shlwapi.dll
0x00007ffdee650000 - 0x00007ffdee661000 	C:\WINDOWS\System32\kernel.appcore.dll
0x00007ffdee8a0000 - 0x00007ffdee8b7000 	C:\WINDOWS\System32\cryptsp.dll
0x00007ffdd6be0000 - 0x00007ffdd6bfa000 	C:\Program Files\JetBrains\IntelliJ IDEA Community Edition 2020.1.1\bin\breakgen64.dll
0x00007ffdd6b00000 - 0x00007ffdd6b1a000 	C:\Program Files\Java\jdk1.8.0_251\jre\bin\net.dll
0x00007ffdedeb0000 - 0x00007ffdedf17000 	C:\WINDOWS\system32\mswsock.dll
0x00007ffdeda20000 - 0x00007ffdeda53000 	C:\WINDOWS\system32\rsaenh.dll
0x00007ffdef390000 - 0x00007ffdef3b6000 	C:\WINDOWS\System32\bcrypt.dll
0x00007ffdee530000 - 0x00007ffdee555000 	C:\WINDOWS\SYSTEM32\USERENV.dll
0x00007ffdee080000 - 0x00007ffdee08c000 	C:\WINDOWS\SYSTEM32\CRYPTBASE.dll
0x00007ffdedbc0000 - 0x00007ffdedbfa000 	C:\WINDOWS\SYSTEM32\IPHLPAPI.DLL
0x00007ffdefa00000 - 0x00007ffdefa08000 	C:\WINDOWS\System32\NSI.dll
0x00007ffddd690000 - 0x00007ffddd6a6000 	C:\WINDOWS\SYSTEM32\dhcpcsvc6.DLL
0x00007ffddd660000 - 0x00007ffddd67c000 	C:\WINDOWS\SYSTEM32\dhcpcsvc.DLL
0x00007ffdedc10000 - 0x00007ffdedcdb000 	C:\WINDOWS\SYSTEM32\DNSAPI.dll
0x00007ffdd6510000 - 0x00007ffdd6522000 	C:\Program Files\Java\jdk1.8.0_251\jre\bin\nio.dll
0x00007ffddbe60000 - 0x00007ffddbe6a000 	C:\Users\neuza\AppData\Local\Temp\jansi-1.17.1-725431345333045688.dll
0x00007ffddbe30000 - 0x00007ffddbe3a000 	C:\Users\neuza\AppData\Local\Temp\jansi-1.17.1-8179394001414836825.dll

VM Arguments:
jvm_args: -Dmaven.multiModuleProjectDirectory=C:\Users\neuza\Desktop\zeetzmc\bedwars -Dmaven.home=C:\Program Files\JetBrains\IntelliJ IDEA Community Edition 2020.1.1\plugins\maven\lib\maven3 -Dclassworlds.conf=C:\Program Files\JetBrains\IntelliJ IDEA Community Edition 2020.1.1\plugins\maven\lib\maven3\bin\m2.conf -Dmaven.ext.class.path=C:\Program Files\JetBrains\IntelliJ IDEA Community Edition 2020.1.1\plugins\maven\lib\maven-event-listener.jar -javaagent:C:\Program Files\JetBrains\IntelliJ IDEA Community Edition 2020.1.1\lib\idea_rt.jar=54056:C:\Program Files\JetBrains\IntelliJ IDEA Community Edition 2020.1.1\bin -Dfile.encoding=UTF-8 
java_command: org.codehaus.classworlds.Launcher -Didea.version2020.1.1 clean package
java_class_path (initial): C:\Program Files\JetBrains\IntelliJ IDEA Community Edition 2020.1.1\plugins\maven\lib\maven3\boot\plexus-classworlds-2.6.0.jar;C:\Program Files\JetBrains\IntelliJ IDEA Community Edition 2020.1.1\plugins\maven\lib\maven3\boot\plexus-classworlds.license;C:\Program Files\JetBrains\IntelliJ IDEA Community Edition 2020.1.1\lib\idea_rt.jar
Launcher Type: SUN_STANDARD

Environment Variables:
JAVA_HOME=C:\Program Files\Java\jdk1.8.0_251
PATH=C:\Program Files (x86)\Common Files\Intel\Shared Libraries\redist\intel64_win\compiler;C:\WINDOWS\system32;C:\WINDOWS;C:\WINDOWS\System32\Wbem;C:\WINDOWS\System32\WindowsPowerShell\v1.0\;C:\WINDOWS\System32\OpenSSH\;C:\Users\neuza\AppData\Local\Programs\Python\Python37\Scripts;C:\Program Files\Git\cmd;C:\Users\neuza\AppData\Local\Programs\Python\Python37;C:\Program Files\CMake\bin;C:\Program Files\nodejs\;C:\Program Files (x86)\Yarn\bin\;C:\apache-maven-3.6.3\bin;C:\Program Files\Java\jdk1.8.0_251\bin;C:\Users\neuza\AppData\Local\Microsoft\WindowsApps;C:\Users\neuza\AppData\Roaming\npm;C:\Users\neuza\AppData\Local\Yarn\bin;C:\Users\neuza\AppData\Local\Programs\Microsoft VS Code\bin;C:\Program Files\JetBrains\PyCharm Community Edition 2020.1.1\bin;
USERNAME=neuza
OS=Windows_NT
PROCESSOR_IDENTIFIER=Intel64 Family 6 Model 92 Stepping 9, GenuineIntel



---------------  S Y S T E M  ---------------

OS: Windows 10.0 , 64 bit Build 18362 (10.0.18362.778)

CPU:total 2 (initial active 2) (2 cores per cpu, 1 threads per core) family 6 model 92 stepping 9, cmov, cx8, fxsr, mmx, sse, sse2, sse3, ssse3, sse4.1, sse4.2, popcnt, aes, clmul, erms, 3dnowpref, tsc, tscinvbit

Memory: 4k page, physical 4054548k(355644k free), swap 4054548k(5180k free)

vm_info: Java HotSpot(TM) 64-Bit Server VM (25.251-b08) for windows-amd64 JRE (1.8.0_251-b08), built on Mar 12 2020 06:31:49 by "" with MS VC++ 10.0 (VS2010)

time: Mon May 18 19:08:30 2020
timezone: GMT Summer Time
elapsed time: 7 seconds (0d 0h 0m 7s)

